Arguments: 
  D:\Program Files\nodejs\node.exe C:\Program Files (x86)\Yarn\bin\yarn.js add pnpm

PATH: 
  C:\Program Files\Common Files\Oracle\Java\javapath;D:\Programs\Python\Python311\Scripts;D:\Programs\Python\Python311;C:\windows\system32;C:\Program Files\MySQL\MySQL Cluster 7.6\bin;C:\Program Files (x86)\Yarn\bin\;D:\Program Files\Git\cmd;C:\Program Files\NVIDIA Corporation\NVIDIA NvDLISR;D:\Program Files\MongoDB\Server\4.0\bin;C:\Program Files\Intel\WiFi\bin\;C:\Program Files\Common Files\Intel\WirelessCommon\;D:\New Folder\;C:\WINDOWS\system32;C:\WINDOWS;C:\WINDOWS\System32\Wbem;C:\WINDOWS\System32\WindowsPowerShell\v1.0\;C:\WINDOWS\System32\OpenSSH\;D:\Program Files\nodejs\node_modules\npm;D:\PHP\php-8.2.5;"C:\Program Files\Java\jdk-17.0.1\bin;C:\Program Files\Java\jdk-17.0.1\jre\bin";D:\Flutter\bin;D:\Program Files\nodejs\;D:\Program Files (x86)\Tencent\微信web开发者工具\dll;C:\Pro;ram Files\dotnet\;D:\composer;C:\Program Files\Cloudflare\Cloudflare WARP\;C:\Users\Fan\AppData\Local\Programs\Python\Python311\Scripts\;C:\Users\Fan\AppData\Local\Programs\Python\Python311\;C:\Program Files\MySQL\MySQL Shell 8.0\bin\;C:\Users\Fan\AppData\Local\Microsoft\WindowsApps;C:\Program Files\MySQL\MySQL Server 5.5\bin;D:\Yarn;D:\Programs\Microsoft VS Code\bin;C:\Users\Fan\AppData\Roaming\Composer\vendor\bin;C:\Users\Fan\AppData\Roaming\npm;D:\Fan\SDK\platform-tools;D:\Program Files (x86)\BrowserStackLocal\;D:\Programs\Fiddler

Yarn version: 
  1.15.2

Node version: 
  16.14.0

Platform: 
  win32 x64

Trace: 
  Error: https://registry.yarnpkg.com/@chakra-ui%2ficons: tunneling socket could not be established, cause=getaddrinfo ENOTFOUND 7890
      at ClientRequest.onError (C:\Program Files (x86)\Yarn\lib\cli.js:141027:17)
      at Object.onceWrapper (node:events:640:26)
      at ClientRequest.emit (node:events:520:28)
      at Socket.socketErrorListener (node:_http_client:442:9)
      at Socket.emit (node:events:520:28)
      at emitErrorNT (node:internal/streams/destroy:157:8)
      at emitErrorCloseNT (node:internal/streams/destroy:122:3)
      at processTicksAndRejections (node:internal/process/task_queues:83:21)

npm manifest: 
  {
    "name": "my-app",
    "version": "0.1.0",
    "private": true,
    "scripts": {
      "dev": "next dev",
      "build": "next build",
      "start": "next start",
      "lint": "next lint",
      "analyze": "cross-env ANALYZE=true next build",
      "analyze:server": "cross-env BUNDLE_ANALYZE=server next build",
      "analyze:browser": "cross-env BUNDLE_ANALYZE=browser next build"
    },
    "dependencies": {
      "@chakra-ui/icons": "^2.0.19",
      "@chakra-ui/next-js": "^2.1.4",
      "@chakra-ui/react": "^2.7.1",
      "@emotion/react": "^11.11.1",
      "@emotion/styled": "^11.11.0",
      "@next/bundle-analyzer": "^13.4.19",
      "@reduxjs/toolkit": "^1.9.5",
      "autoprefixer": "10.4.14",
      "axios": "^1.4.0",
      "cross-env": "^7.0.3",
      "date-fns": "^2.30.0",
      "dotenv": "^16.3.1",
      "eslint": "8.42.0",
      "express": "^4.18.2",
      "firebase": "^9.23.0",
      "framer-motion": "^10.12.18",
      "json-server": "^0.17.3",
      "mongodb": "^5.6.0",
      "mongodb-uri": "^0.9.7",
      "mongoose": "^7.4.0",
      "next": "13.4.4",
      "next-auth": "^4.22.1",
      "next-redux-wrapper": "^8.1.0",
      "postcss": "8.4.24",
      "react": "18.2.0",
      "react-blurhash": "^0.3.0",
      "react-dom": "18.2.0",
      "react-icons": "^4.10.1",
      "react-lazy-load-image-component": "^1.6.0",
      "react-redux": "^8.1.1",
      "react-responsive": "^9.0.2",
      "redux": "^4.2.1",
      "redux-persist": "^6.0.0",
      "redux-persist-transform-filter": "^0.0.22",
      "swiper": "^9.3.2",
      "swr": "^2.2.0",
      "tailwindcss": "3.3.2"
    },
    "devDependencies": {
      "@types/node": "20.3.1",
      "@types/react": "18.2.14",
      "babel-loader": "^9.1.3",
      "babel-plugin-import": "^1.13.8",
      "eslint-config-next": "13.4.12"
    }
  }

yarn manifest: 
  No manifest

Lockfile: 
  No lockfile
